Performing C++ SOURCE FILE Test HAVE_CXX_FLAG_WSHORTEN_64_TO_32 failed with the following output:
Change Dir: /mnt/c/Uni_Master/HWCDP/hdp-linked-list/CMakeFiles/CMakeTmp

Run Build Command(s):/usr/bin/gmake -f Makefile cmTC_e5af7/fast && /usr/bin/gmake  -f CMakeFiles/cmTC_e5af7.dir/build.make CMakeFiles/cmTC_e5af7.dir/build
gmake[1]: Entering directory '/mnt/c/Uni_Master/HWCDP/hdp-linked-list/CMakeFiles/CMakeTmp'
Building CXX object CMakeFiles/cmTC_e5af7.dir/src.cxx.o
/usr/bin/c++ -DHAVE_CXX_FLAG_WSHORTEN_64_TO_32  -std=c++11  -Wall  -Wextra  -Wshadow  -Wsuggest-override  -pedantic  -pedantic-errors  -Wshorten-64-to-32   -Wshorten-64-to-32 -o CMakeFiles/cmTC_e5af7.dir/src.cxx.o -c /mnt/c/Uni_Master/HWCDP/hdp-linked-list/CMakeFiles/CMakeTmp/src.cxx
c++: error: unrecognized command-line option '-Wshorten-64-to-32'
c++: error: unrecognized command-line option '-Wshorten-64-to-32'
gmake[1]: *** [CMakeFiles/cmTC_e5af7.dir/build.make:78: CMakeFiles/cmTC_e5af7.dir/src.cxx.o] Error 1
gmake[1]: Leaving directory '/mnt/c/Uni_Master/HWCDP/hdp-linked-list/CMakeFiles/CMakeTmp'
gmake: *** [Makefile:127: cmTC_e5af7/fast] Error 2


Source file was:
int main() { return 0; }
Performing C++ SOURCE FILE Test HAVE_CXX_FLAG_WD654 failed with the following output:
Change Dir: /mnt/c/Uni_Master/HWCDP/hdp-linked-list/CMakeFiles/CMakeTmp

Run Build Command(s):/usr/bin/gmake -f Makefile cmTC_2cfd3/fast && /usr/bin/gmake  -f CMakeFiles/cmTC_2cfd3.dir/build.make CMakeFiles/cmTC_2cfd3.dir/build
gmake[1]: Entering directory '/mnt/c/Uni_Master/HWCDP/hdp-linked-list/CMakeFiles/CMakeTmp'
Building CXX object CMakeFiles/cmTC_2cfd3.dir/src.cxx.o
/usr/bin/c++ -DHAVE_CXX_FLAG_WD654  -std=c++11  -Wall  -Wextra  -Wshadow  -Wsuggest-override  -pedantic  -pedantic-errors  -fstrict-aliasing  -Wno-deprecated-declarations  -Wstrict-aliasing  -wd654   -wd654 -o CMakeFiles/cmTC_2cfd3.dir/src.cxx.o -c /mnt/c/Uni_Master/HWCDP/hdp-linked-list/CMakeFiles/CMakeTmp/src.cxx
c++: error: unrecognized command-line option '-wd654'
c++: error: unrecognized command-line option '-wd654'
gmake[1]: *** [CMakeFiles/cmTC_2cfd3.dir/build.make:78: CMakeFiles/cmTC_2cfd3.dir/src.cxx.o] Error 1
gmake[1]: Leaving directory '/mnt/c/Uni_Master/HWCDP/hdp-linked-list/CMakeFiles/CMakeTmp'
gmake: *** [Makefile:127: cmTC_2cfd3/fast] Error 2


Source file was:
int main() { return 0; }
Performing C++ SOURCE FILE Test HAVE_CXX_FLAG_WTHREAD_SAFETY failed with the following output:
Change Dir: /mnt/c/Uni_Master/HWCDP/hdp-linked-list/CMakeFiles/CMakeTmp

Run Build Command(s):/usr/bin/gmake -f Makefile cmTC_afa10/fast && /usr/bin/gmake  -f CMakeFiles/cmTC_afa10.dir/build.make CMakeFiles/cmTC_afa10.dir/build
gmake[1]: Entering directory '/mnt/c/Uni_Master/HWCDP/hdp-linked-list/CMakeFiles/CMakeTmp'
Building CXX object CMakeFiles/cmTC_afa10.dir/src.cxx.o
/usr/bin/c++ -DHAVE_CXX_FLAG_WTHREAD_SAFETY  -std=c++11  -Wall  -Wextra  -Wshadow  -Wsuggest-override  -pedantic  -pedantic-errors  -fstrict-aliasing  -Wno-deprecated-declarations  -Wstrict-aliasing  -Wthread-safety   -Wthread-safety -o CMakeFiles/cmTC_afa10.dir/src.cxx.o -c /mnt/c/Uni_Master/HWCDP/hdp-linked-list/CMakeFiles/CMakeTmp/src.cxx
c++: error: unrecognized command-line option '-Wthread-safety'
c++: error: unrecognized command-line option '-Wthread-safety'
gmake[1]: *** [CMakeFiles/cmTC_afa10.dir/build.make:78: CMakeFiles/cmTC_afa10.dir/src.cxx.o] Error 1
gmake[1]: Leaving directory '/mnt/c/Uni_Master/HWCDP/hdp-linked-list/CMakeFiles/CMakeTmp'
gmake: *** [Makefile:127: cmTC_afa10/fast] Error 2


Source file was:
int main() { return 0; }
